actionid: tox
msg: packaging
cmdargs: ['/usr/bin/python3', local('/home/d3f4ult/devel/new_arch/incubator-marvin/marvin-cli/setup.py'), 'sdist', '--formats=zip', '--dist-dir', local('/home/d3f4ult/devel/new_arch/incubator-marvin/marvin-cli/.tox/dist')]
env: None

running sdist
running egg_info
writing marvin_cli.egg-info/PKG-INFO
writing dependency_links to marvin_cli.egg-info/dependency_links.txt
writing requirements to marvin_cli.egg-info/requires.txt
writing top-level names to marvin_cli.egg-info/top_level.txt
reading manifest file 'marvin_cli.egg-info/SOURCES.txt'
reading manifest template 'MANIFEST.in'
writing manifest file 'marvin_cli.egg-info/SOURCES.txt'
running check
warning: check: missing required meta-data: url

warning: check: missing meta-data: if 'author' supplied, 'author_email' must be supplied too

creating marvin_cli-0.0.5
creating marvin_cli-0.0.5/bin
creating marvin_cli-0.0.5/marvin_cli
creating marvin_cli-0.0.5/marvin_cli.egg-info
creating marvin_cli-0.0.5/marvin_cli/communication
creating marvin_cli-0.0.5/marvin_cli/communication/stubs
creating marvin_cli-0.0.5/marvin_cli/management
creating marvin_cli-0.0.5/marvin_cli/management/template
creating marvin_cli-0.0.5/marvin_cli/management/template/{{cookiecutter.project_name}}
creating marvin_cli-0.0.5/marvin_cli/utils
copying files to marvin_cli-0.0.5...
copying MANIFEST.in -> marvin_cli-0.0.5
copying README.md -> marvin_cli-0.0.5
copying setup.py -> marvin_cli-0.0.5
copying bin/marvin -> marvin_cli-0.0.5/bin
copying marvin_cli/VERSION -> marvin_cli-0.0.5/marvin_cli
copying marvin_cli/__init__.py -> marvin_cli-0.0.5/marvin_cli
copying marvin_cli.egg-info/PKG-INFO -> marvin_cli-0.0.5/marvin_cli.egg-info
copying marvin_cli.egg-info/SOURCES.txt -> marvin_cli-0.0.5/marvin_cli.egg-info
copying marvin_cli.egg-info/dependency_links.txt -> marvin_cli-0.0.5/marvin_cli.egg-info
copying marvin_cli.egg-info/not-zip-safe -> marvin_cli-0.0.5/marvin_cli.egg-info
copying marvin_cli.egg-info/requires.txt -> marvin_cli-0.0.5/marvin_cli.egg-info
copying marvin_cli.egg-info/top_level.txt -> marvin_cli-0.0.5/marvin_cli.egg-info
copying marvin_cli/communication/__init__.py -> marvin_cli-0.0.5/marvin_cli/communication
copying marvin_cli/communication/remote_calls.py -> marvin_cli-0.0.5/marvin_cli/communication
copying marvin_cli/communication/stubs/__init__.py -> marvin_cli-0.0.5/marvin_cli/communication/stubs
copying marvin_cli/communication/stubs/daemon_pb2.py -> marvin_cli-0.0.5/marvin_cli/communication/stubs
copying marvin_cli/communication/stubs/daemon_pb2_grpc.py -> marvin_cli-0.0.5/marvin_cli/communication/stubs
copying marvin_cli/management/__init__.py -> marvin_cli-0.0.5/marvin_cli/management
copying marvin_cli/management/edit.py -> marvin_cli-0.0.5/marvin_cli/management
copying marvin_cli/management/engine.py -> marvin_cli-0.0.5/marvin_cli/management
copying marvin_cli/management/notebook.py -> marvin_cli-0.0.5/marvin_cli/management
copying marvin_cli/management/test.py -> marvin_cli-0.0.5/marvin_cli/management
copying marvin_cli/management/template/cookiecutter.json -> marvin_cli-0.0.5/marvin_cli/management/template
copying marvin_cli/management/template/{{cookiecutter.project_name}}/.bumpversion.cfg -> marvin_cli-0.0.5/marvin_cli/management/template/{{cookiecutter.project_name}}
copying marvin_cli/management/template/{{cookiecutter.project_name}}/.coveragerc -> marvin_cli-0.0.5/marvin_cli/management/template/{{cookiecutter.project_name}}
copying marvin_cli/management/template/{{cookiecutter.project_name}}/.gitignore -> marvin_cli-0.0.5/marvin_cli/management/template/{{cookiecutter.project_name}}
copying marvin_cli/management/template/{{cookiecutter.project_name}}/CHANGES.md -> marvin_cli-0.0.5/marvin_cli/management/template/{{cookiecutter.project_name}}
copying marvin_cli/management/template/{{cookiecutter.project_name}}/INSTALL -> marvin_cli-0.0.5/marvin_cli/management/template/{{cookiecutter.project_name}}
copying marvin_cli/management/template/{{cookiecutter.project_name}}/LICENSE -> marvin_cli-0.0.5/marvin_cli/management/template/{{cookiecutter.project_name}}
copying marvin_cli/management/template/{{cookiecutter.project_name}}/MANIFEST.in -> marvin_cli-0.0.5/marvin_cli/management/template/{{cookiecutter.project_name}}
copying marvin_cli/management/template/{{cookiecutter.project_name}}/Makefile -> marvin_cli-0.0.5/marvin_cli/management/template/{{cookiecutter.project_name}}
copying marvin_cli/management/template/{{cookiecutter.project_name}}/README.md -> marvin_cli-0.0.5/marvin_cli/management/template/{{cookiecutter.project_name}}
copying marvin_cli/management/template/{{cookiecutter.project_name}}/docs.yaml -> marvin_cli-0.0.5/marvin_cli/management/template/{{cookiecutter.project_name}}
copying marvin_cli/management/template/{{cookiecutter.project_name}}/engine.messages -> marvin_cli-0.0.5/marvin_cli/management/template/{{cookiecutter.project_name}}
copying marvin_cli/management/template/{{cookiecutter.project_name}}/engine.metadata -> marvin_cli-0.0.5/marvin_cli/management/template/{{cookiecutter.project_name}}
copying marvin_cli/management/template/{{cookiecutter.project_name}}/engine.params -> marvin_cli-0.0.5/marvin_cli/management/template/{{cookiecutter.project_name}}
copying marvin_cli/management/template/{{cookiecutter.project_name}}/feedback.messages -> marvin_cli-0.0.5/marvin_cli/management/template/{{cookiecutter.project_name}}
copying marvin_cli/management/template/{{cookiecutter.project_name}}/marvin.ini -> marvin_cli-0.0.5/marvin_cli/management/template/{{cookiecutter.project_name}}
copying marvin_cli/management/template/{{cookiecutter.project_name}}/pytest.ini -> marvin_cli-0.0.5/marvin_cli/management/template/{{cookiecutter.project_name}}
copying marvin_cli/management/template/{{cookiecutter.project_name}}/setup.cfg -> marvin_cli-0.0.5/marvin_cli/management/template/{{cookiecutter.project_name}}
copying marvin_cli/management/template/{{cookiecutter.project_name}}/setup.py -> marvin_cli-0.0.5/marvin_cli/management/template/{{cookiecutter.project_name}}
copying marvin_cli/management/template/{{cookiecutter.project_name}}/tox.ini -> marvin_cli-0.0.5/marvin_cli/management/template/{{cookiecutter.project_name}}
copying marvin_cli/utils/__init__.py -> marvin_cli-0.0.5/marvin_cli/utils
copying marvin_cli/utils/config.py -> marvin_cli-0.0.5/marvin_cli/utils
copying marvin_cli/utils/docker.py -> marvin_cli-0.0.5/marvin_cli/utils
copying marvin_cli/utils/git.py -> marvin_cli-0.0.5/marvin_cli/utils
copying marvin_cli/utils/log.py -> marvin_cli-0.0.5/marvin_cli/utils
copying marvin_cli/utils/misc.py -> marvin_cli-0.0.5/marvin_cli/utils
Writing marvin_cli-0.0.5/setup.cfg
creating '.tox/dist/marvin_cli-0.0.5.zip' and adding 'marvin_cli-0.0.5' to it
adding 'marvin_cli-0.0.5'
adding 'marvin_cli-0.0.5/marvin_cli.egg-info'
adding 'marvin_cli-0.0.5/bin'
adding 'marvin_cli-0.0.5/marvin_cli'
adding 'marvin_cli-0.0.5/setup.py'
adding 'marvin_cli-0.0.5/MANIFEST.in'
adding 'marvin_cli-0.0.5/README.md'
adding 'marvin_cli-0.0.5/setup.cfg'
adding 'marvin_cli-0.0.5/PKG-INFO'
adding 'marvin_cli-0.0.5/marvin_cli.egg-info/SOURCES.txt'
adding 'marvin_cli-0.0.5/marvin_cli.egg-info/top_level.txt'
adding 'marvin_cli-0.0.5/marvin_cli.egg-info/requires.txt'
adding 'marvin_cli-0.0.5/marvin_cli.egg-info/not-zip-safe'
adding 'marvin_cli-0.0.5/marvin_cli.egg-info/dependency_links.txt'
adding 'marvin_cli-0.0.5/marvin_cli.egg-info/PKG-INFO'
adding 'marvin_cli-0.0.5/bin/marvin'
adding 'marvin_cli-0.0.5/marvin_cli/communication'
adding 'marvin_cli-0.0.5/marvin_cli/management'
adding 'marvin_cli-0.0.5/marvin_cli/utils'
adding 'marvin_cli-0.0.5/marvin_cli/__init__.py'
adding 'marvin_cli-0.0.5/marvin_cli/VERSION'
adding 'marvin_cli-0.0.5/marvin_cli/communication/stubs'
adding 'marvin_cli-0.0.5/marvin_cli/communication/__init__.py'
adding 'marvin_cli-0.0.5/marvin_cli/communication/remote_calls.py'
adding 'marvin_cli-0.0.5/marvin_cli/communication/stubs/daemon_pb2.py'
adding 'marvin_cli-0.0.5/marvin_cli/communication/stubs/__init__.py'
adding 'marvin_cli-0.0.5/marvin_cli/communication/stubs/daemon_pb2_grpc.py'
adding 'marvin_cli-0.0.5/marvin_cli/management/template'
adding 'marvin_cli-0.0.5/marvin_cli/management/test.py'
adding 'marvin_cli-0.0.5/marvin_cli/management/__init__.py'
adding 'marvin_cli-0.0.5/marvin_cli/management/edit.py'
adding 'marvin_cli-0.0.5/marvin_cli/management/notebook.py'
adding 'marvin_cli-0.0.5/marvin_cli/management/engine.py'
adding 'marvin_cli-0.0.5/marvin_cli/management/template/{{cookiecutter.project_name}}'
adding 'marvin_cli-0.0.5/marvin_cli/management/template/cookiecutter.json'
adding 'marvin_cli-0.0.5/marvin_cli/management/template/{{cookiecutter.project_name}}/.gitignore'
adding 'marvin_cli-0.0.5/marvin_cli/management/template/{{cookiecutter.project_name}}/marvin.ini'
adding 'marvin_cli-0.0.5/marvin_cli/management/template/{{cookiecutter.project_name}}/engine.messages'
adding 'marvin_cli-0.0.5/marvin_cli/management/template/{{cookiecutter.project_name}}/feedback.messages'
adding 'marvin_cli-0.0.5/marvin_cli/management/template/{{cookiecutter.project_name}}/docs.yaml'
adding 'marvin_cli-0.0.5/marvin_cli/management/template/{{cookiecutter.project_name}}/setup.py'
adding 'marvin_cli-0.0.5/marvin_cli/management/template/{{cookiecutter.project_name}}/tox.ini'
adding 'marvin_cli-0.0.5/marvin_cli/management/template/{{cookiecutter.project_name}}/MANIFEST.in'
adding 'marvin_cli-0.0.5/marvin_cli/management/template/{{cookiecutter.project_name}}/engine.metadata'
adding 'marvin_cli-0.0.5/marvin_cli/management/template/{{cookiecutter.project_name}}/.bumpversion.cfg'
adding 'marvin_cli-0.0.5/marvin_cli/management/template/{{cookiecutter.project_name}}/README.md'
adding 'marvin_cli-0.0.5/marvin_cli/management/template/{{cookiecutter.project_name}}/LICENSE'
adding 'marvin_cli-0.0.5/marvin_cli/management/template/{{cookiecutter.project_name}}/engine.params'
adding 'marvin_cli-0.0.5/marvin_cli/management/template/{{cookiecutter.project_name}}/Makefile'
adding 'marvin_cli-0.0.5/marvin_cli/management/template/{{cookiecutter.project_name}}/setup.cfg'
adding 'marvin_cli-0.0.5/marvin_cli/management/template/{{cookiecutter.project_name}}/CHANGES.md'
adding 'marvin_cli-0.0.5/marvin_cli/management/template/{{cookiecutter.project_name}}/.coveragerc'
adding 'marvin_cli-0.0.5/marvin_cli/management/template/{{cookiecutter.project_name}}/INSTALL'
adding 'marvin_cli-0.0.5/marvin_cli/management/template/{{cookiecutter.project_name}}/pytest.ini'
adding 'marvin_cli-0.0.5/marvin_cli/utils/misc.py'
adding 'marvin_cli-0.0.5/marvin_cli/utils/__init__.py'
adding 'marvin_cli-0.0.5/marvin_cli/utils/git.py'
adding 'marvin_cli-0.0.5/marvin_cli/utils/config.py'
adding 'marvin_cli-0.0.5/marvin_cli/utils/docker.py'
adding 'marvin_cli-0.0.5/marvin_cli/utils/log.py'
removing 'marvin_cli-0.0.5' (and everything under it)
